<?xml version="1.0" encoding="UTF-8"?>
<!-- Generated by org.testng.reporters.JUnitReportReporter -->
<testsuite hostname="QSP" failures="0" tests="1" name="testscripts.Test3" time="0.009" errors="0" timestamp="2021-11-20T16:28:19 IST" skipped="0">
  <testcase classname="testscripts.Test3" name="tc2" time="0.009"/>
</testsuite> <!-- testscripts.Test3 -->
