<?xml version="1.0" encoding="UTF-8"?>
<!-- Generated by org.testng.reporters.JUnitReportReporter -->
<testsuite hostname="QSP" failures="0" tests="1" name="testscripts.Test1" time="0.006" errors="0" timestamp="2021-11-20T16:28:19 IST" skipped="0">
  <testcase classname="testscripts.Test1" name="tc2" time="0.006"/>
</testsuite> <!-- testscripts.Test1 -->
