<?xml version="1.0" encoding="UTF-8"?>
<!-- Generated by org.testng.reporters.JUnitReportReporter -->
<testsuite hostname="QSP" failures="0" tests="1" name="testscripts.Test0" time="0.002" errors="0" timestamp="2021-11-20T16:28:19 IST" skipped="0">
  <testcase classname="testscripts.Test0" name="tc1" time="0.002"/>
</testsuite> <!-- testscripts.Test0 -->
